{"blog_title":"this is title","error":"relation \"blogs\" does not exist","level":"error","message":"Error adding blog data","service":"admin-service","timestamp":"2024-08-19 11:34:50"}
{"error":"relation \"blogs\" does not exist","level":"error","message":"Error during blog creation","service":"admin-service","timestamp":"2024-08-19 11:34:50"}
{"0":"s","1":"y","10":"o","11":"r","12":" ","13":"a","14":"t","15":" ","16":"o","17":"r","18":" ","19":"n","2":"n","20":"e","21":"a","22":"r","23":" ","24":"\"","25":"I","26":"N","27":"T","28":"\"","3":"t","4":"a","5":"x","6":" ","7":"e","8":"r","9":"r","level":"error","message":"Error creating admin table:","service":"admin-service","timestamp":"2024-08-19 14:07:24"}
{"0":"s","1":"y","10":"o","11":"r","12":" ","13":"a","14":"t","15":" ","16":"o","17":"r","18":" ","19":"n","2":"n","20":"e","21":"a","22":"r","23":" ","24":"\"","25":"I","26":"N","27":"T","28":"\"","3":"t","4":"a","5":"x","6":" ","7":"e","8":"r","9":"r","level":"error","message":"Error creating admin table:","service":"admin-service","timestamp":"2024-08-19 14:10:48"}
{"0":"s","1":"y","10":"o","11":"r","12":" ","13":"a","14":"t","15":" ","16":"o","17":"r","18":" ","19":"n","2":"n","20":"e","21":"a","22":"r","23":" ","24":"\"","25":"I","26":"N","27":"T","28":"\"","3":"t","4":"a","5":"x","6":" ","7":"e","8":"r","9":"r","level":"error","message":"Error creating admin table:","service":"admin-service","timestamp":"2024-08-19 14:10:48"}
{"0":"s","1":"y","10":"o","11":"r","12":" ","13":"a","14":"t","15":" ","16":"o","17":"r","18":" ","19":"n","2":"n","20":"e","21":"a","22":"r","23":" ","24":"\"","25":"I","26":"N","27":"T","28":"\"","3":"t","4":"a","5":"x","6":" ","7":"e","8":"r","9":"r","level":"error","message":"Error creating admin table:","service":"admin-service","timestamp":"2024-08-19 14:11:21"}
{"0":"s","1":"y","10":"o","11":"r","12":" ","13":"a","14":"t","15":" ","16":"o","17":"r","18":" ","19":"n","2":"n","20":"e","21":"a","22":"r","23":" ","24":"\"","25":"I","26":"N","27":"T","28":"\"","3":"t","4":"a","5":"x","6":" ","7":"e","8":"r","9":"r","level":"error","message":"Error creating admin table:","service":"admin-service","timestamp":"2024-08-19 14:11:21"}
{"0":"s","1":"y","10":"o","11":"r","12":" ","13":"a","14":"t","15":" ","16":"o","17":"r","18":" ","19":"n","2":"n","20":"e","21":"a","22":"r","23":" ","24":"\"","25":"I","26":"N","27":"T","28":"\"","3":"t","4":"a","5":"x","6":" ","7":"e","8":"r","9":"r","level":"error","message":"Error creating admin table:","service":"admin-service","timestamp":"2024-08-19 14:11:54"}
{"0":"s","1":"y","10":"o","11":"r","12":" ","13":"a","14":"t","15":" ","16":"o","17":"r","18":" ","19":"n","2":"n","20":"e","21":"a","22":"r","23":" ","24":"\"","25":"I","26":"N","27":"T","28":"\"","3":"t","4":"a","5":"x","6":" ","7":"e","8":"r","9":"r","level":"error","message":"Error creating admin table:","service":"admin-service","timestamp":"2024-08-19 14:11:54"}
{"0":"s","1":"y","10":"o","11":"r","12":" ","13":"a","14":"t","15":" ","16":"o","17":"r","18":" ","19":"n","2":"n","20":"e","21":"a","22":"r","23":" ","24":"\"","25":"I","26":"N","27":"T","28":"\"","3":"t","4":"a","5":"x","6":" ","7":"e","8":"r","9":"r","level":"error","message":"Error creating admin table:","service":"admin-service","timestamp":"2024-08-19 14:11:57"}
{"0":"s","1":"y","10":"o","11":"r","12":" ","13":"a","14":"t","15":" ","16":"o","17":"r","18":" ","19":"n","2":"n","20":"e","21":"a","22":"r","23":" ","24":"\"","25":"I","26":"N","27":"T","28":"\"","3":"t","4":"a","5":"x","6":" ","7":"e","8":"r","9":"r","level":"error","message":"Error creating admin table:","service":"admin-service","timestamp":"2024-08-19 14:11:57"}
{"error":"error: password authentication failed for user \"postgres\"\n    at Parser.parseErrorMessage (C:\\Users\\Sneha\\Desktop\\scaleorange\\blogs_backend\\node_modules\\pg-protocol\\dist\\parser.js:283:98)\n    at Parser.handlePacket (C:\\Users\\Sneha\\Desktop\\scaleorange\\blogs_backend\\node_modules\\pg-protocol\\dist\\parser.js:122:29)\n    at Parser.parse (C:\\Users\\Sneha\\Desktop\\scaleorange\\blogs_backend\\node_modules\\pg-protocol\\dist\\parser.js:35:38)\n    at Socket.<anonymous> (C:\\Users\\Sneha\\Desktop\\scaleorange\\blogs_backend\\node_modules\\pg-protocol\\dist\\index.js:11:42)\n    at Socket.emit (node:events:519:28)\n    at addChunk (node:internal/streams/readable:559:12)\n    at readableAddChunkPushByteMode (node:internal/streams/readable:510:3)\n    at Readable.push (node:internal/streams/readable:390:5)\n    at TCP.onStreamRead (node:internal/stream_base_commons:191:23)","level":"error","message":"Failed to connect to the database","service":"admin-service","timestamp":"2024-08-19 16:37:17"}
{"error":"error: there is no unique constraint matching given keys for referenced table \"blogs\"\n    at C:\\Users\\Sneha\\Desktop\\scaleorange\\blogs_backend\\node_modules\\pg\\lib\\client.js:526:17\n    at process.processTicksAndRejections (node:internal/process/task_queues:95:5)\n    at async C:\\Users\\Sneha\\Desktop\\scaleorange\\blogs_backend\\src\\config\\db.js:20:9","level":"error","message":"Failed to connect to the database","service":"admin-service","timestamp":"2024-08-19 16:37:43"}
{"level":"error","message":"Invalid Password","service":"admin-service","timestamp":"2024-08-19 18:26:30"}
{"level":"error","message":"Invalid Password","service":"admin-service","timestamp":"2024-08-19 18:30:29"}
{"admin_email":"ajay12@gmail.com","error":"duplicate key value violates unique constraint \"admin_admin_email_key\"","level":"error","message":"Error adding admin data","service":"admin-service","timestamp":"2024-08-20 18:03:20"}
{"error":"duplicate key value violates unique constraint \"admin_admin_email_key\"","level":"error","message":"Error during admin registration","service":"admin-service","timestamp":"2024-08-20 18:03:20"}
{"admin_email":"ajay12@gmail.com","error":"duplicate key value violates unique constraint \"admin_admin_email_key\"","level":"error","message":"Error adding admin data","service":"admin-service","timestamp":"2024-08-20 18:03:36"}
{"error":"duplicate key value violates unique constraint \"admin_admin_email_key\"","level":"error","message":"Error during admin registration","service":"admin-service","timestamp":"2024-08-20 18:03:36"}
{"admin_email":"arya12@gmail.com","error":"duplicate key value violates unique constraint \"admin_admin_email_key\"","level":"error","message":"Error adding admin data","service":"admin-service","timestamp":"2024-08-20 18:04:33"}
{"error":"duplicate key value violates unique constraint \"admin_admin_email_key\"","level":"error","message":"Error during admin registration","service":"admin-service","timestamp":"2024-08-20 18:04:33"}
{"error":"duplicate key value violates unique constraint \"users_user_name_key\"","level":"error","message":"Error adding user data","service":"admin-service","timestamp":"2024-08-20 18:29:36","user_email":"sony23@gmail.com"}
{"error":"duplicate key value violates unique constraint \"users_user_name_key\"","level":"error","message":"Error during user registration","service":"admin-service","timestamp":"2024-08-20 18:29:36"}
{"error":"duplicate key value violates unique constraint \"users_user_email_key\"","level":"error","message":"Error adding user data","service":"admin-service","timestamp":"2024-08-20 18:29:52","user_email":"sony23@gmail.com"}
{"error":"duplicate key value violates unique constraint \"users_user_email_key\"","level":"error","message":"Error during user registration","service":"admin-service","timestamp":"2024-08-20 18:29:52"}
{"error":"relation \"admin_table\" does not exist","level":"error","message":"Error during admin registration","service":"admin-service","timestamp":"2024-08-20 18:51:10"}
{"error":"Client was closed and is not queryable","level":"error","message":"Error during admin registration","service":"admin-service","timestamp":"2024-08-20 18:52:07"}
{"error":"Cannot read properties of undefined (reading 'admin_name')","level":"error","message":"Error during admin registration","service":"admin-service","timestamp":"2024-08-20 18:54:08"}
{"admin_name":"sneha_sharma","level":"error","message":"Duplicate username detected","service":"admin-service","timestamp":"2024-08-20 18:56:49"}
{"admin_email":"sony23@gmail.com","level":"error","message":"Duplicate email detected","service":"admin-service","timestamp":"2024-08-20 18:57:01"}
{"error":"admin_model is not defined","level":"error","message":"Error during user registration","service":"admin-service","timestamp":"2024-08-20 19:06:01"}
{"error":"admin_model is not defined","level":"error","message":"Error during user registration","service":"admin-service","timestamp":"2024-08-20 19:07:29"}
{"admin_name":"ajay_778","level":"error","message":"Duplicate admin name detected","service":"admin-service","timestamp":"2024-08-20 19:14:55"}
{"error":"admin_model is not defined","level":"error","message":"Error during user registration","service":"admin-service","timestamp":"2024-08-20 19:19:52"}
{"admin_name":"ajay_778","level":"error","message":"Duplicate admin name detected","service":"admin-service","timestamp":"2024-08-20 19:20:27"}
{"error":"admin_model is not defined","level":"error","message":"Error during user registration","service":"admin-service","timestamp":"2024-08-20 19:21:28"}
{"level":"error","message":"Duplicate username detected","service":"admin-service","timestamp":"2024-08-20 19:28:26","user_name":"ajay_778"}
{"error":"DB_USER_FINDNAME is not defined","level":"error","message":"Error during user registration","service":"admin-service","timestamp":"2024-08-20 19:36:13"}
{"error":"DB_USER_FINDNAME is not defined","level":"error","message":"Error during user registration","service":"admin-service","timestamp":"2024-08-20 19:38:11"}
{"level":"error","message":"Duplicate username detected","service":"admin-service","timestamp":"2024-08-20 19:39:14","user_name":"innn_778"}
{"error":"user_model.get_user_by_email is not a function","level":"error","message":"Error during blog creation","service":"admin-service","timestamp":"2024-08-21 15:17:46"}
{"error":"user_model.get_user_by_email is not a function","level":"error","message":"Error during blog creation","service":"admin-service","timestamp":"2024-08-21 15:17:49"}
{"blog_title":7,"error":"bind message supplies 8 parameters, but prepared statement \"\" requires 5","level":"error","message":"Error adding blog data","service":"admin-service","timestamp":"2024-08-21 15:42:01"}
{"error":"bind message supplies 8 parameters, but prepared statement \"\" requires 5","level":"error","message":"Error during blog creation","service":"admin-service","timestamp":"2024-08-21 15:42:01"}
{"blog_title":7,"blog_user_name":"pending","error":"null value in column \"blog_date\" of relation \"blogs\" violates not-null constraint","level":"error","message":"Error adding blog data","service":"admin-service","timestamp":"2024-08-21 15:45:04"}
{"error":"null value in column \"blog_date\" of relation \"blogs\" violates not-null constraint","level":"error","message":"Error during blog creation","service":"admin-service","timestamp":"2024-08-21 15:45:04"}
{"blog_title":7,"blog_user_name":"pending","error":"null value in column \"blog_date\" of relation \"blogs\" violates not-null constraint","level":"error","message":"Error adding blog data","service":"admin-service","timestamp":"2024-08-21 15:46:28"}
{"error":"null value in column \"blog_date\" of relation \"blogs\" violates not-null constraint","level":"error","message":"Error during blog creation","service":"admin-service","timestamp":"2024-08-21 15:46:28"}
{"blog_title":7,"blog_user_name":"pending","error":"null value in column \"blog_date\" of relation \"blogs\" violates not-null constraint","level":"error","message":"Error adding blog data","service":"admin-service","timestamp":"2024-08-21 15:47:25"}
{"error":"null value in column \"blog_date\" of relation \"blogs\" violates not-null constraint","level":"error","message":"Error during blog creation","service":"admin-service","timestamp":"2024-08-21 15:47:25"}
{"error":"Cannot set headers after they are sent to the client","level":"error","message":"Error during blog commenting","service":"admin-service","timestamp":"2024-08-21 16:39:57"}
{"blog_id":"4","comment_text":"my first comment","error":"DB_USER_ADD_COMMENT is not defined","level":"error","message":"Error adding share data","service":"admin-service","timestamp":"2024-08-21 16:45:00"}
{"error":"DB_USER_ADD_COMMENT is not defined","level":"error","message":"Error during blog commenting","service":"admin-service","timestamp":"2024-08-21 16:45:00"}
{"blog_id":"4","comment_text":"my first comment","error":"Cannot read properties of undefined (reading 'INSERT')","level":"error","message":"Error adding share data","service":"admin-service","timestamp":"2024-08-21 16:45:47"}
{"error":"Cannot read properties of undefined (reading 'INSERT')","level":"error","message":"Error during blog commenting","service":"admin-service","timestamp":"2024-08-21 16:45:47"}
{"error":"Cannot set headers after they are sent to the client","level":"error","message":"Error during blog creation","service":"admin-service","timestamp":"2024-08-26 18:38:05"}
{"error":"Cannot set headers after they are sent to the client","level":"error","message":"Error during blog creation","service":"admin-service","timestamp":"2024-08-26 18:41:29"}
{"0":"j","1":"w","10":"d","2":"t","3":" ","4":"e","5":"x","6":"p","7":"i","8":"r","9":"e","level":"error","message":"Token verification failed:","service":"admin-service","timestamp":"2024-08-26 18:49:44"}
{"0":"C","1":"a","10":" ","11":"h","12":"e","13":"a","14":"d","15":"e","16":"r","17":"s","18":" ","19":"a","2":"n","20":"f","21":"t","22":"e","23":"r","24":" ","25":"t","26":"h","27":"e","28":"y","29":" ","3":"n","30":"a","31":"r","32":"e","33":" ","34":"s","35":"e","36":"n","37":"t","38":" ","39":"t","4":"o","40":"o","41":" ","42":"t","43":"h","44":"e","45":" ","46":"c","47":"l","48":"i","49":"e","5":"t","50":"n","51":"t","6":" ","7":"s","8":"e","9":"t","level":"error","message":"Error fetching rejected blogs:","service":"admin-service","timestamp":"2024-08-26 19:17:25"}
{"error":"Cannot set headers after they are sent to the client","level":"error","message":"Error fetching user data","service":"admin-service","timestamp":"2024-08-26 23:48:18"}
{"error":"Cannot set headers after they are sent to the client","level":"error","message":"Error fetching dashboard counts","service":"admin-service","timestamp":"2024-08-27 13:36:54"}
{"error":"Cannot set headers after they are sent to the client","level":"error","message":"Error fetching blogs data","service":"admin-service","timestamp":"2024-08-27 14:38:06"}
{"error":"Cannot set headers after they are sent to the client","level":"error","message":"Error fetching user data","service":"admin-service","timestamp":"2024-08-27 14:39:08"}
{"error":"Cannot set headers after they are sent to the client","level":"error","message":"Error fetching user data","service":"admin-service","timestamp":"2024-08-27 14:42:34"}
{"error":"Cannot set headers after they are sent to the client","level":"error","message":"Error fetching blogs data","service":"admin-service","timestamp":"2024-08-27 14:43:18"}
{"error":"Cannot set headers after they are sent to the client","level":"error","message":"Error fetching user data","service":"admin-service","timestamp":"2024-08-27 14:44:41"}
{"error":"Cannot set headers after they are sent to the client","level":"error","message":"Error fetching blogs data","service":"admin-service","timestamp":"2024-08-27 14:45:20"}
{"error":"Cannot set headers after they are sent to the client","level":"error","message":"Error fetching user data","service":"admin-service","timestamp":"2024-08-27 14:48:35"}
{"error":"Cannot set headers after they are sent to the client","level":"error","message":"Error fetching user data","service":"admin-service","timestamp":"2024-08-27 14:50:06"}
{"error":"Cannot set headers after they are sent to the client","level":"error","message":"Error fetching blogs data","service":"admin-service","timestamp":"2024-08-27 14:57:02"}
{"error":"Cannot set headers after they are sent to the client","level":"error","message":"Error fetching user data","service":"admin-service","timestamp":"2024-08-27 15:00:33"}
{"0":"r","1":"e","10":"n","11":"o","12":"t","13":"i","14":"f","15":"i","16":"c","17":"a","18":"t","19":"i","2":"l","20":"o","21":"n","22":"s","23":"\"","24":" ","25":"d","26":"o","27":"e","28":"s","29":" ","3":"a","30":"n","31":"o","32":"t","33":" ","34":"e","35":"x","36":"i","37":"s","38":"t","4":"t","5":"i","6":"o","7":"n","8":" ","9":"\"","level":"error","message":"Error rejecting old pending blogs:","service":"admin-service","timestamp":"2024-08-28 10:42:14"}
{"0":"r","1":"e","10":"n","11":"o","12":"t","13":"i","14":"f","15":"i","16":"c","17":"a","18":"t","19":"i","2":"l","20":"o","21":"n","22":"s","23":"\"","24":" ","25":"d","26":"o","27":"e","28":"s","29":" ","3":"a","30":"n","31":"o","32":"t","33":" ","34":"e","35":"x","36":"i","37":"s","38":"t","4":"t","5":"i","6":"o","7":"n","8":" ","9":"\"","level":"error","message":"Error rejecting old pending blogs:","service":"admin-service","timestamp":"2024-08-28 10:50:34"}
{"0":"r","1":"e","10":"n","11":"o","12":"t","13":"i","14":"f","15":"i","16":"c","17":"a","18":"t","19":"i","2":"l","20":"o","21":"n","22":"s","23":"\"","24":" ","25":"d","26":"o","27":"e","28":"s","29":" ","3":"a","30":"n","31":"o","32":"t","33":" ","34":"e","35":"x","36":"i","37":"s","38":"t","4":"t","5":"i","6":"o","7":"n","8":" ","9":"\"","level":"error","message":"Error rejecting old pending blogs:","service":"admin-service","timestamp":"2024-08-28 10:57:14"}
{"error":"TypeError: Client was passed a null or undefined query\n    at Client.query (C:\\Users\\Sneha\\Desktop\\scaleorange\\blogs_backend\\BlogPosting_Mutimedia\\Backend\\node_modules\\pg\\lib\\client.js:510:13)\n    at C:\\Users\\Sneha\\Desktop\\scaleorange\\blogs_backend\\BlogPosting_Mutimedia\\Backend\\src\\config\\db.js:22:22\n    at process.processTicksAndRejections (node:internal/process/task_queues:95:5)","level":"error","message":"Failed to connect to the database","service":"admin-service","timestamp":"2024-08-28 10:57:14"}
{"0":"r","1":"e","10":"n","11":"o","12":"t","13":"i","14":"f","15":"i","16":"c","17":"a","18":"t","19":"i","2":"l","20":"o","21":"n","22":"s","23":"\"","24":" ","25":"d","26":"o","27":"e","28":"s","29":" ","3":"a","30":"n","31":"o","32":"t","33":" ","34":"e","35":"x","36":"i","37":"s","38":"t","4":"t","5":"i","6":"o","7":"n","8":" ","9":"\"","level":"error","message":"Error rejecting old pending blogs:","service":"admin-service","timestamp":"2024-08-28 10:57:29"}
{"error":"TypeError: Client was passed a null or undefined query\n    at Client.query (C:\\Users\\Sneha\\Desktop\\scaleorange\\blogs_backend\\BlogPosting_Mutimedia\\Backend\\node_modules\\pg\\lib\\client.js:510:13)\n    at C:\\Users\\Sneha\\Desktop\\scaleorange\\blogs_backend\\BlogPosting_Mutimedia\\Backend\\src\\config\\db.js:22:22\n    at process.processTicksAndRejections (node:internal/process/task_queues:95:5)","level":"error","message":"Failed to connect to the database","service":"admin-service","timestamp":"2024-08-28 10:57:29"}
{"0":"r","1":"e","10":"n","11":"o","12":"t","13":"i","14":"f","15":"i","16":"c","17":"a","18":"t","19":"i","2":"l","20":"o","21":"n","22":"s","23":"\"","24":" ","25":"d","26":"o","27":"e","28":"s","29":" ","3":"a","30":"n","31":"o","32":"t","33":" ","34":"e","35":"x","36":"i","37":"s","38":"t","4":"t","5":"i","6":"o","7":"n","8":" ","9":"\"","level":"error","message":"Error rejecting old pending blogs:","service":"admin-service","timestamp":"2024-08-28 10:58:10"}
{"error":"TypeError: Client was passed a null or undefined query\n    at Client.query (C:\\Users\\Sneha\\Desktop\\scaleorange\\blogs_backend\\BlogPosting_Mutimedia\\Backend\\node_modules\\pg\\lib\\client.js:510:13)\n    at C:\\Users\\Sneha\\Desktop\\scaleorange\\blogs_backend\\BlogPosting_Mutimedia\\Backend\\src\\config\\db.js:23:22\n    at process.processTicksAndRejections (node:internal/process/task_queues:95:5)","level":"error","message":"Failed to connect to the database","service":"admin-service","timestamp":"2024-08-28 10:58:12"}
{"error":"TypeError: Client was passed a null or undefined query\n    at Client.query (C:\\Users\\Sneha\\Desktop\\scaleorange\\blogs_backend\\BlogPosting_Mutimedia\\Backend\\node_modules\\pg\\lib\\client.js:510:13)\n    at C:\\Users\\Sneha\\Desktop\\scaleorange\\blogs_backend\\BlogPosting_Mutimedia\\Backend\\src\\config\\db.js:23:22\n    at process.processTicksAndRejections (node:internal/process/task_queues:95:5)","level":"error","message":"Failed to connect to the database","service":"admin-service","timestamp":"2024-08-28 10:58:24"}
{"error":"TypeError: Client was passed a null or undefined query\n    at Client.query (C:\\Users\\Sneha\\Desktop\\scaleorange\\blogs_backend\\BlogPosting_Mutimedia\\Backend\\node_modules\\pg\\lib\\client.js:510:13)\n    at C:\\Users\\Sneha\\Desktop\\scaleorange\\blogs_backend\\BlogPosting_Mutimedia\\Backend\\src\\config\\db.js:23:22\n    at process.processTicksAndRejections (node:internal/process/task_queues:95:5)","level":"error","message":"Failed to connect to the database","service":"admin-service","timestamp":"2024-08-28 11:01:01"}
{"blog_title":"this is blog title","error":"null value in column \"blog_intro\" of relation \"blogs\" violates not-null constraint","level":"error","message":"Error adding blog data","service":"admin-service","timestamp":"2024-08-28 11:32:27"}
{"error":"null value in column \"blog_intro\" of relation \"blogs\" violates not-null constraint","level":"error","message":"Error during blog creation","service":"admin-service","timestamp":"2024-08-28 11:32:27"}
{"error":"blog_title is not defined","level":"error","message":"Error creating notification","service":"admin-service","timestamp":"2024-08-28 11:32:51"}
{"error":"blog_title is not defined","level":"error","message":"Error during blog creation","service":"admin-service","timestamp":"2024-08-28 11:32:51"}
{"error":"blog_title is not defined","level":"error","message":"Error creating notification","service":"admin-service","timestamp":"2024-08-28 11:34:22"}
{"error":"blog_title is not defined","level":"error","message":"Error during blog creation","service":"admin-service","timestamp":"2024-08-28 11:34:22"}
{"error":"blog_title is not defined","level":"error","message":"Error creating notification","service":"admin-service","timestamp":"2024-08-28 11:46:00"}
{"error":"blog_title is not defined","level":"error","message":"Error during blog creation","service":"admin-service","timestamp":"2024-08-28 11:46:00"}
{"error":"blog_title is not defined","level":"error","message":"Error creating notification","service":"admin-service","timestamp":"2024-08-28 11:50:36"}
{"error":"blog_title is not defined","level":"error","message":"Error during blog creation","service":"admin-service","timestamp":"2024-08-28 11:50:36"}
{"admin_email":"pichi@gmail.com","level":"error","message":"Duplicate admin email detected","service":"admin-service","timestamp":"2024-08-28 12:23:04"}
{"error":"Cannot set headers after they are sent to the client","level":"error","message":"Error fetching notifications","service":"admin-service","timestamp":"2024-08-28 15:40:21"}
{"error":"Cannot set headers after they are sent to the client","level":"error","message":"Error fetching blogs data","service":"admin-service","timestamp":"2024-08-28 15:46:13"}
{"error":"Cannot set headers after they are sent to the client","level":"error","message":"Error fetching user data","service":"admin-service","timestamp":"2024-08-28 15:50:25"}
{"error":"Cannot set headers after they are sent to the client","level":"error","message":"Error fetching user data","service":"admin-service","timestamp":"2024-08-28 15:52:53"}
{"error":"Cannot set headers after they are sent to the client","level":"error","message":"Error fetching notifications","service":"admin-service","timestamp":"2024-08-28 16:12:45"}
{"error":"Cannot set headers after they are sent to the client","level":"error","message":"Error fetching notifications","service":"admin-service","timestamp":"2024-08-28 16:29:26"}
{"error":"Cannot set headers after they are sent to the client","level":"error","message":"Error fetching notifications","service":"admin-service","timestamp":"2024-08-28 16:30:09"}
{"error":"Cannot set headers after they are sent to the client","level":"error","message":"Error fetching notifications","service":"admin-service","timestamp":"2024-08-28 16:34:18"}
{"error":"Cannot set headers after they are sent to the client","level":"error","message":"Error fetching notifications","service":"admin-service","timestamp":"2024-08-28 16:58:06"}
{"error":"Cannot set headers after they are sent to the client","level":"error","message":"Error fetching notifications","service":"admin-service","timestamp":"2024-08-28 16:58:45"}
{"error":"Cannot set headers after they are sent to the client","level":"error","message":"Error fetching notifications","service":"admin-service","timestamp":"2024-08-28 17:00:23"}
{"error":"Cannot set headers after they are sent to the client","level":"error","message":"Error fetching notifications","service":"admin-service","timestamp":"2024-08-28 17:02:12"}
{"error":"Cannot set headers after they are sent to the client","level":"error","message":"Error fetching notifications","service":"admin-service","timestamp":"2024-08-28 17:03:25"}
{"error":"Cannot set headers after they are sent to the client","level":"error","message":"Error fetching notifications","service":"admin-service","timestamp":"2024-08-28 17:04:45"}
{"error":"Cannot set headers after they are sent to the client","level":"error","message":"Error fetching notifications","service":"admin-service","timestamp":"2024-08-28 17:20:03"}
{"error":"client is not defined","level":"error","message":"Error fetching blog data","service":"admin-service","timestamp":"2024-08-28 19:36:25"}
{"error":"user_id is not defined","level":"error","message":"Error reviewing blog","service":"admin-service","timestamp":"2024-08-29 11:35:59"}
{"error":"user_id is not defined","level":"error","message":"Error reviewing blog","service":"admin-service","timestamp":"2024-08-29 11:36:02"}
{"error":"user_id is not defined","level":"error","message":"Error reviewing blog","service":"admin-service","timestamp":"2024-08-29 11:36:04"}
{"error":"user_id is not defined","level":"error","message":"Error reviewing blog","service":"admin-service","timestamp":"2024-08-29 11:38:40"}
{"error":"user_id is not defined","level":"error","message":"Error reviewing blog","service":"admin-service","timestamp":"2024-08-29 11:39:01"}
{"error":"user_id is not defined","level":"error","message":"Error reviewing blog","service":"admin-service","timestamp":"2024-08-29 11:39:02"}
{"error":"user_id is not defined","level":"error","message":"Error reviewing blog","service":"admin-service","timestamp":"2024-08-29 11:39:05"}
{"error":"user_id is not defined","level":"error","message":"Error reviewing blog","service":"admin-service","timestamp":"2024-08-29 11:39:05"}
{"error":"user_id is not defined","level":"error","message":"Error reviewing blog","service":"admin-service","timestamp":"2024-08-29 11:39:05"}
{"error":"user_id is not defined","level":"error","message":"Error reviewing blog","service":"admin-service","timestamp":"2024-08-29 11:39:07"}
{"error":"user_id is not defined","level":"error","message":"Error reviewing blog","service":"admin-service","timestamp":"2024-08-29 11:41:58"}
{"error":"user_id is not defined","level":"error","message":"Error reviewing blog","service":"admin-service","timestamp":"2024-08-29 11:42:08"}
{"error":"user_id is not defined","level":"error","message":"Error reviewing blog","service":"admin-service","timestamp":"2024-08-29 11:42:09"}
{"error":"user_id is not defined","level":"error","message":"Error reviewing blog","service":"admin-service","timestamp":"2024-08-29 11:42:09"}
{"error":"user_email is not defined","level":"error","message":"Error reviewing blog","service":"admin-service","timestamp":"2024-08-29 11:59:32"}
{"error":"Cannot read properties of null (reading 'user_id')","level":"error","message":"Error reviewing blog","service":"admin-service","timestamp":"2024-08-29 12:01:26"}
{"error":"user_id is not defined","level":"error","message":"Error reviewing blog","service":"admin-service","timestamp":"2024-08-29 12:19:04"}
{"error":"Cannot set headers after they are sent to the client","level":"error","message":"Error fetching user data","service":"admin-service","timestamp":"2024-08-29 12:42:54"}
{"level":"error","message":"column \"status\" does not exist","service":"admin-service","timestamp":"2024-08-29 16:14:13"}
{"level":"error","message":"column \"status\" does not exist","service":"admin-service","timestamp":"2024-08-29 16:14:14"}
{"level":"error","message":"column \"status\" does not exist","service":"admin-service","timestamp":"2024-08-29 16:14:14"}
{"level":"error","message":"column \"blog_status\" does not exist","service":"admin-service","timestamp":"2024-08-29 16:14:46"}
{"level":"error","message":"column \"blog_status\" does not exist","service":"admin-service","timestamp":"2024-08-29 16:14:46"}
{"error":"Cannot set headers after they are sent to the client","level":"error","message":"Error reviewing blog","service":"admin-service","timestamp":"2024-08-29 16:28:43"}
{"0":"i","1":"n","10":"p","11":"u","12":"t","13":" ","14":"s","15":"y","16":"n","17":"t","18":"a","19":"x","2":"v","20":" ","21":"f","22":"o","23":"r","24":" ","25":"t","26":"y","27":"p","28":"e","29":" ","3":"a","30":"i","31":"n","32":"t","33":"e","34":"r","35":"v","36":"a","37":"l","38":":","39":" ","4":"l","40":"\"","41":" ","42":"m","43":"i","44":"n","45":"u","46":"t","47":"e","48":"s","49":"\"","5":"i","6":"d","7":" ","8":"i","9":"n","level":"error","message":"Error rejecting old pending blogs:","service":"admin-service","timestamp":"2024-08-29 17:30:59"}
{"0":"j","1":"w","10":"d","2":"t","3":" ","4":"e","5":"x","6":"p","7":"i","8":"r","9":"e","level":"error","message":"Token verification failed:","service":"admin-service","timestamp":"2024-08-30 14:16:39"}
{"0":"j","1":"w","10":"d","2":"t","3":" ","4":"e","5":"x","6":"p","7":"i","8":"r","9":"e","level":"error","message":"Token verification failed:","service":"admin-service","timestamp":"2024-08-30 14:16:39"}
{"error":"emailRegex.test is not a function","level":"error","message":"Error during admin registration","service":"admin-service","timestamp":"2024-08-30 15:41:16"}
{"error":"emailRegex.test is not a function","level":"error","message":"Error during admin registration","service":"admin-service","timestamp":"2024-08-30 15:41:18"}
{"error":"emailRegex.test is not a function","level":"error","message":"Error during admin registration","service":"admin-service","timestamp":"2024-08-30 15:41:19"}
{"error":"emailRegex.test is not a function","level":"error","message":"Error during admin registration","service":"admin-service","timestamp":"2024-08-30 15:41:19"}
{"error":"emailRegex.test is not a function","level":"error","message":"Error during admin registration","service":"admin-service","timestamp":"2024-08-30 15:41:20"}
{"error":"emailRegex.test is not a function","level":"error","message":"Error during admin registration","service":"admin-service","timestamp":"2024-08-30 15:41:20"}
{"error":"emailRegex.test is not a function","level":"error","message":"Error during admin registration","service":"admin-service","timestamp":"2024-08-30 15:41:21"}
{"0":"j","1":"w","10":"d","2":"t","3":" ","4":"e","5":"x","6":"p","7":"i","8":"r","9":"e","level":"error","message":"Token verification failed:","service":"admin-service","timestamp":"2024-09-01 21:37:26"}
{"0":"j","1":"w","10":"d","2":"t","3":" ","4":"e","5":"x","6":"p","7":"i","8":"r","9":"e","level":"error","message":"Token verification failed:","service":"admin-service","timestamp":"2024-09-01 21:37:26"}
{"0":"j","1":"w","10":"d","2":"t","3":" ","4":"e","5":"x","6":"p","7":"i","8":"r","9":"e","level":"error","message":"Token verification failed:","service":"admin-service","timestamp":"2024-09-01 21:37:29"}
{"0":"j","1":"w","10":"d","2":"t","3":" ","4":"e","5":"x","6":"p","7":"i","8":"r","9":"e","level":"error","message":"Token verification failed:","service":"admin-service","timestamp":"2024-09-01 21:39:10"}
{"0":"j","1":"w","10":"d","2":"t","3":" ","4":"e","5":"x","6":"p","7":"i","8":"r","9":"e","level":"error","message":"Token verification failed:","service":"admin-service","timestamp":"2024-09-01 21:39:10"}
{"0":"j","1":"w","10":"d","2":"t","3":" ","4":"e","5":"x","6":"p","7":"i","8":"r","9":"e","level":"error","message":"Token verification failed:","service":"admin-service","timestamp":"2024-09-01 21:39:11"}
{"0":"j","1":"w","10":"d","2":"t","3":" ","4":"e","5":"x","6":"p","7":"i","8":"r","9":"e","level":"error","message":"Token verification failed:","service":"admin-service","timestamp":"2024-09-01 21:54:26"}
{"0":"j","1":"w","10":"d","2":"t","3":" ","4":"e","5":"x","6":"p","7":"i","8":"r","9":"e","level":"error","message":"Token verification failed:","service":"admin-service","timestamp":"2024-09-01 21:54:26"}
{"0":"j","1":"w","10":"d","2":"t","3":" ","4":"e","5":"x","6":"p","7":"i","8":"r","9":"e","level":"error","message":"Token verification failed:","service":"admin-service","timestamp":"2024-09-01 21:54:27"}
{"0":"j","1":"w","10":"d","2":"t","3":" ","4":"e","5":"x","6":"p","7":"i","8":"r","9":"e","level":"error","message":"Token verification failed:","service":"admin-service","timestamp":"2024-09-01 21:56:48"}
{"0":"j","1":"w","10":"d","2":"t","3":" ","4":"e","5":"x","6":"p","7":"i","8":"r","9":"e","level":"error","message":"Token verification failed:","service":"admin-service","timestamp":"2024-09-01 21:56:48"}
{"level":"error","message":"user_id is not defined","service":"admin-service","timestamp":"2024-09-02 11:21:12"}
{"level":"error","message":"user_id is not defined","service":"admin-service","timestamp":"2024-09-02 11:21:12"}
{"level":"error","message":"user_email is not defined","service":"admin-service","timestamp":"2024-09-02 11:46:33"}
{"level":"error","message":"user_email is not defined","service":"admin-service","timestamp":"2024-09-02 11:46:33"}
{"level":"error","message":"user_email is not defined","service":"admin-service","timestamp":"2024-09-02 11:46:53"}
{"level":"error","message":"user_email is not defined","service":"admin-service","timestamp":"2024-09-02 11:46:53"}
{"level":"error","message":"user_email is not defined","service":"admin-service","timestamp":"2024-09-02 11:46:54"}
{"level":"error","message":"user_email is not defined","service":"admin-service","timestamp":"2024-09-02 11:46:54"}
{"level":"error","message":"user_email is not defined","service":"admin-service","timestamp":"2024-09-02 11:47:23"}
{"level":"error","message":"user_email is not defined","service":"admin-service","timestamp":"2024-09-02 11:47:23"}
{"0":"i","1":"n","10":"k","11":"e","12":"n","2":"v","3":"a","4":"l","5":"i","6":"d","7":" ","8":"t","9":"o","level":"error","message":"Token verification failed:","service":"admin-service","timestamp":"2024-09-02 11:52:58"}
{"error":"INSERT has more target columns than expressions","level":"error","message":"Error reviewing blog","service":"admin-service","timestamp":"2024-09-02 12:10:22"}
{"error":"INSERT has more target columns than expressions","level":"error","message":"Error reviewing blog","service":"admin-service","timestamp":"2024-09-02 12:11:11"}
{"error":"invalid input syntax for type integer: \"{\"command\":\"UPDATE\",\"rowCount\":1,\"oid\":null,\"rows\":[{\"user_id\":9}],\"fields\":[{\"name\":\"user_id\",\"tableID\":24764,\"columnID\":3,\"dataTypeID\":23,\"dataTypeSize\":4,\"dataTypeModifier\":-1,\"format\":\"text\"}],\"_parsers\":[null],\"_types\":{\"_types\":{\"arrayParser\":{},\"builtins\":{\"BOOL\":16,\"BYTEA\":17,\"CHAR\":18,\"INT8\":20,\"INT2\":21,\"INT4\":23,\"REGPROC\":24,\"TEXT\":25,\"OID\":26,\"TID\":27,\"XID\":28,\"CID\":29,\"JSON\":114,\"XML\":142,\"PG_NODE_TREE\":194,\"SMGR\":210,\"PATH\":602,\"POLYGON\":604,\"CIDR\":650,\"FLOAT4\":700,\"FLOAT8\":701,\"ABSTIME\":702,\"RELTIME\":703,\"TINTERVAL\":704,\"CIRCLE\":718,\"MACADDR8\":774,\"MONEY\":790,\"MACADDR\":829,\"INET\":869,\"ACLITEM\":1033,\"BPCHAR\":1042,\"VARCHAR\":1043,\"DATE\":1082,\"TIME\":1083,\"TIMESTAMP\":1114,\"TIMESTAMPTZ\":1184,\"INTERVAL\":1186,\"TIMETZ\":1266,\"BIT\":1560,\"VARBIT\":1562,\"NUMERIC\":1700,\"REFCURSOR\":1790,\"REGPROCEDURE\":2202,\"REGOPER\":2203,\"REGOPERATOR\":2204,\"REGCLASS\":2205,\"REGTYPE\":2206,\"UUID\":2950,\"TXID_SNAPSHOT\":2970,\"PG_LSN\":3220,\"PG_NDISTINCT\":3361,\"PG_DEPENDENCIES\":3402,\"TSVECTOR\":3614,\"TSQUERY\":3615,\"GTSVECTOR\":3642,\"REGCONFIG\":3734,\"REGDICTIONARY\":3769,\"JSONB\":3802,\"REGNAMESPACE\":4089,\"REGROLE\":4096}},\"text\":{},\"binary\":{}},\"RowCtor\":null,\"rowAsArray\":false,\"_prebuiltEmptyResultObject\":{\"user_id\":null}}\"","level":"error","message":"Error reviewing blog","service":"admin-service","timestamp":"2024-09-02 12:28:33"}
{"error":"invalid input syntax for type integer: \"{\"command\":\"UPDATE\",\"rowCount\":1,\"oid\":null,\"rows\":[{\"user_id\":11}],\"fields\":[{\"name\":\"user_id\",\"tableID\":24764,\"columnID\":3,\"dataTypeID\":23,\"dataTypeSize\":4,\"dataTypeModifier\":-1,\"format\":\"text\"}],\"_parsers\":[null],\"_types\":{\"_types\":{\"arrayParser\":{},\"builtins\":{\"BOOL\":16,\"BYTEA\":17,\"CHAR\":18,\"INT8\":20,\"INT2\":21,\"INT4\":23,\"REGPROC\":24,\"TEXT\":25,\"OID\":26,\"TID\":27,\"XID\":28,\"CID\":29,\"JSON\":114,\"XML\":142,\"PG_NODE_TREE\":194,\"SMGR\":210,\"PATH\":602,\"POLYGON\":604,\"CIDR\":650,\"FLOAT4\":700,\"FLOAT8\":701,\"ABSTIME\":702,\"RELTIME\":703,\"TINTERVAL\":704,\"CIRCLE\":718,\"MACADDR8\":774,\"MONEY\":790,\"MACADDR\":829,\"INET\":869,\"ACLITEM\":1033,\"BPCHAR\":1042,\"VARCHAR\":1043,\"DATE\":1082,\"TIME\":1083,\"TIMESTAMP\":1114,\"TIMESTAMPTZ\":1184,\"INTERVAL\":1186,\"TIMETZ\":1266,\"BIT\":1560,\"VARBIT\":1562,\"NUMERIC\":1700,\"REFCURSOR\":1790,\"REGPROCEDURE\":2202,\"REGOPER\":2203,\"REGOPERATOR\":2204,\"REGCLASS\":2205,\"REGTYPE\":2206,\"UUID\":2950,\"TXID_SNAPSHOT\":2970,\"PG_LSN\":3220,\"PG_NDISTINCT\":3361,\"PG_DEPENDENCIES\":3402,\"TSVECTOR\":3614,\"TSQUERY\":3615,\"GTSVECTOR\":3642,\"REGCONFIG\":3734,\"REGDICTIONARY\":3769,\"JSONB\":3802,\"REGNAMESPACE\":4089,\"REGROLE\":4096}},\"text\":{},\"binary\":{}},\"RowCtor\":null,\"rowAsArray\":false,\"_prebuiltEmptyResultObject\":{\"user_id\":null}}\"","level":"error","message":"Error reviewing blog","service":"admin-service","timestamp":"2024-09-02 12:32:06"}
{"error":"Cannot read properties of undefined (reading 'user_id')","level":"error","message":"Error reviewing blog","service":"admin-service","timestamp":"2024-09-02 13:35:14"}
{"error":"invalid input syntax for type integer: \"{\"command\":\"SELECT\",\"rowCount\":2,\"oid\":null,\"rows\":[{\"user_id\":10},{\"user_id\":10}],\"fields\":[{\"name\":\"user_id\",\"tableID\":40961,\"columnID\":2,\"dataTypeID\":23,\"dataTypeSize\":4,\"dataTypeModifier\":-1,\"format\":\"text\"}],\"_parsers\":[null],\"_types\":{\"_types\":{\"arrayParser\":{},\"builtins\":{\"BOOL\":16,\"BYTEA\":17,\"CHAR\":18,\"INT8\":20,\"INT2\":21,\"INT4\":23,\"REGPROC\":24,\"TEXT\":25,\"OID\":26,\"TID\":27,\"XID\":28,\"CID\":29,\"JSON\":114,\"XML\":142,\"PG_NODE_TREE\":194,\"SMGR\":210,\"PATH\":602,\"POLYGON\":604,\"CIDR\":650,\"FLOAT4\":700,\"FLOAT8\":701,\"ABSTIME\":702,\"RELTIME\":703,\"TINTERVAL\":704,\"CIRCLE\":718,\"MACADDR8\":774,\"MONEY\":790,\"MACADDR\":829,\"INET\":869,\"ACLITEM\":1033,\"BPCHAR\":1042,\"VARCHAR\":1043,\"DATE\":1082,\"TIME\":1083,\"TIMESTAMP\":1114,\"TIMESTAMPTZ\":1184,\"INTERVAL\":1186,\"TIMETZ\":1266,\"BIT\":1560,\"VARBIT\":1562,\"NUMERIC\":1700,\"REFCURSOR\":1790,\"REGPROCEDURE\":2202,\"REGOPER\":2203,\"REGOPERATOR\":2204,\"REGCLASS\":2205,\"REGTYPE\":2206,\"UUID\":2950,\"TXID_SNAPSHOT\":2970,\"PG_LSN\":3220,\"PG_NDISTINCT\":3361,\"PG_DEPENDENCIES\":3402,\"TSVECTOR\":3614,\"TSQUERY\":3615,\"GTSVECTOR\":3642,\"REGCONFIG\":3734,\"REGDICTIONARY\":3769,\"JSONB\":3802,\"REGNAMESPACE\":4089,\"REGROLE\":4096}},\"text\":{},\"binary\":{}},\"RowCtor\":null,\"rowAsArray\":false,\"_prebuiltEmptyResultObject\":{\"user_id\":null}}\"","level":"error","message":"Error reviewing blog","service":"admin-service","timestamp":"2024-09-02 13:44:17"}
{"0":"n","1":"o","10":"o","11":"n","12":"I","13":"d","14":" ","15":"i","16":"s","17":" ","18":"n","19":"o","2":"t","20":"t","21":" ","22":"d","23":"e","24":"f","25":"i","26":"n","27":"e","28":"d","3":"i","4":"f","5":"i","6":"c","7":"a","8":"t","9":"i","level":"error","message":"Error deleting notification:","service":"admin-service","timestamp":"2024-09-02 14:31:38"}
{"0":"i","1":"n","10":"p","11":"u","12":"t","13":" ","14":"s","15":"y","16":"n","17":"t","18":"a","19":"x","2":"v","20":" ","21":"f","22":"o","23":"r","24":" ","25":"t","26":"y","27":"p","28":"e","29":" ","3":"a","30":"i","31":"n","32":"t","33":"e","34":"g","35":"e","36":"r","37":":","38":" ","39":"\"","4":"l","40":"u","41":"n","42":"d","43":"e","44":"f","45":"i","46":"n","47":"e","48":"d","49":"\"","5":"i","6":"d","7":" ","8":"i","9":"n","level":"error","message":"Error deleting notification:","service":"admin-service","timestamp":"2024-09-02 14:36:49"}
{"0":"i","1":"n","10":"p","11":"u","12":"t","13":" ","14":"s","15":"y","16":"n","17":"t","18":"a","19":"x","2":"v","20":" ","21":"f","22":"o","23":"r","24":" ","25":"t","26":"y","27":"p","28":"e","29":" ","3":"a","30":"i","31":"n","32":"t","33":"e","34":"g","35":"e","36":"r","37":":","38":" ","39":"\"","4":"l","40":"u","41":"n","42":"d","43":"e","44":"f","45":"i","46":"n","47":"e","48":"d","49":"\"","5":"i","6":"d","7":" ","8":"i","9":"n","level":"error","message":"Error deleting notification:","service":"admin-service","timestamp":"2024-09-02 15:08:31"}
{"0":"i","1":"n","10":"p","11":"u","12":"t","13":" ","14":"s","15":"y","16":"n","17":"t","18":"a","19":"x","2":"v","20":" ","21":"f","22":"o","23":"r","24":" ","25":"t","26":"y","27":"p","28":"e","29":" ","3":"a","30":"i","31":"n","32":"t","33":"e","34":"g","35":"e","36":"r","37":":","38":" ","39":"\"","4":"l","40":"u","41":"n","42":"d","43":"e","44":"f","45":"i","46":"n","47":"e","48":"d","49":"\"","5":"i","6":"d","7":" ","8":"i","9":"n","level":"error","message":"Error deleting notification:","service":"admin-service","timestamp":"2024-09-02 15:09:01"}
{"0":"i","1":"n","10":"p","11":"u","12":"t","13":" ","14":"s","15":"y","16":"n","17":"t","18":"a","19":"x","2":"v","20":" ","21":"f","22":"o","23":"r","24":" ","25":"t","26":"y","27":"p","28":"e","29":" ","3":"a","30":"i","31":"n","32":"t","33":"e","34":"g","35":"e","36":"r","37":":","38":" ","39":"\"","4":"l","40":"u","41":"n","42":"d","43":"e","44":"f","45":"i","46":"n","47":"e","48":"d","49":"\"","5":"i","6":"d","7":" ","8":"i","9":"n","level":"error","message":"Error deleting notification:","service":"admin-service","timestamp":"2024-09-02 15:09:10"}
{"0":"i","1":"n","10":"p","11":"u","12":"t","13":" ","14":"s","15":"y","16":"n","17":"t","18":"a","19":"x","2":"v","20":" ","21":"f","22":"o","23":"r","24":" ","25":"t","26":"y","27":"p","28":"e","29":" ","3":"a","30":"i","31":"n","32":"t","33":"e","34":"g","35":"e","36":"r","37":":","38":" ","39":"\"","4":"l","40":"u","41":"n","42":"d","43":"e","44":"f","45":"i","46":"n","47":"e","48":"d","49":"\"","5":"i","6":"d","7":" ","8":"i","9":"n","level":"error","message":"Error deleting notification:","service":"admin-service","timestamp":"2024-09-02 15:10:02"}
{"error":"Error fetching user by email: DB_COMMENTS_ID is not defined","level":"error","message":"Error fetching accepted comments","service":"admin-service","timestamp":"2024-09-02 18:24:03"}
{"error":"Error fetching user by email: DB_COMMENTS_ID is not defined","level":"error","message":"Error fetching accepted comments","service":"admin-service","timestamp":"2024-09-02 18:24:03"}
{"error":"Error fetching user by email: DB_COMMENTS_ID is not defined","level":"error","message":"Error fetching accepted comments","service":"admin-service","timestamp":"2024-09-02 18:32:32"}
{"error":"Error fetching user by email: DB_COMMENTS_ID is not defined","level":"error","message":"Error fetching accepted comments","service":"admin-service","timestamp":"2024-09-02 18:32:32"}
{"error":"Error fetching user by email: Cannot read properties of undefined (reading 'SELECT')","level":"error","message":"Error fetching accepted comments","service":"admin-service","timestamp":"2024-09-02 18:40:17"}
{"error":"Error fetching user by email: Cannot read properties of undefined (reading 'SELECT')","level":"error","message":"Error fetching accepted comments","service":"admin-service","timestamp":"2024-09-02 18:40:17"}
{"error":"Error fetching user by email: Cannot read properties of undefined (reading 'SELECT')","level":"error","message":"Error fetching accepted comments","service":"admin-service","timestamp":"2024-09-02 18:44:44"}
{"error":"Error fetching user by email: Cannot read properties of undefined (reading 'SELECT')","level":"error","message":"Error fetching accepted comments","service":"admin-service","timestamp":"2024-09-02 18:44:44"}
{"error":"Error fetching user by email: Cannot read properties of undefined (reading 'SELECT')","level":"error","message":"Error fetching accepted comments","service":"admin-service","timestamp":"2024-09-02 18:47:38"}
{"error":"Error fetching user by email: Cannot read properties of undefined (reading 'SELECT')","level":"error","message":"Error fetching accepted comments","service":"admin-service","timestamp":"2024-09-02 18:47:39"}
{"0":"j","1":"w","10":"m","11":"e","12":"d","2":"t","3":" ","4":"m","5":"a","6":"l","7":"f","8":"o","9":"r","level":"error","message":"Token verification failed:","service":"admin-service","timestamp":"2024-09-02 18:58:27"}
{"0":"j","1":"w","10":"m","11":"e","12":"d","2":"t","3":" ","4":"m","5":"a","6":"l","7":"f","8":"o","9":"r","level":"error","message":"Token verification failed:","service":"admin-service","timestamp":"2024-09-02 18:58:27"}
{"0":"j","1":"w","10":"m","11":"e","12":"d","2":"t","3":" ","4":"m","5":"a","6":"l","7":"f","8":"o","9":"r","level":"error","message":"Token verification failed:","service":"admin-service","timestamp":"2024-09-02 18:58:27"}
{"0":"j","1":"w","10":"m","11":"e","12":"d","2":"t","3":" ","4":"m","5":"a","6":"l","7":"f","8":"o","9":"r","level":"error","message":"Token verification failed:","service":"admin-service","timestamp":"2024-09-02 18:58:27"}
{"0":"j","1":"w","10":"m","11":"e","12":"d","2":"t","3":" ","4":"m","5":"a","6":"l","7":"f","8":"o","9":"r","level":"error","message":"Token verification failed:","service":"admin-service","timestamp":"2024-09-02 18:58:27"}
{"0":"j","1":"w","10":"m","11":"e","12":"d","2":"t","3":" ","4":"m","5":"a","6":"l","7":"f","8":"o","9":"r","level":"error","message":"Token verification failed:","service":"admin-service","timestamp":"2024-09-02 18:58:27"}
{"0":"j","1":"w","10":"m","11":"e","12":"d","2":"t","3":" ","4":"m","5":"a","6":"l","7":"f","8":"o","9":"r","level":"error","message":"Token verification failed:","service":"admin-service","timestamp":"2024-09-02 18:58:27"}
{"0":"j","1":"w","10":"m","11":"e","12":"d","2":"t","3":" ","4":"m","5":"a","6":"l","7":"f","8":"o","9":"r","level":"error","message":"Token verification failed:","service":"admin-service","timestamp":"2024-09-02 18:58:27"}
